Arguments: 
  C:\Program Files\nodejs\node.exe C:\Program Files\nodejs\node_modules\yarn\bin\yarn.js install

PATH: 
  C:\Program Files (x86)\NetSarang\Xftp 6\;C:\Program Files (x86)\Common Files\Oracle\Java\javapath;C:\Program Files (x86)\Common Files\NetSarang;C:\Windows\system32;C:\Windows;C:\Windows\System32\Wbem;C:\Windows\System32\WindowsPowerShell\v1.0\;C:\Windows\System32\OpenSSH\;C:\Program Files (x86)\NVIDIA Corporation\PhysX\Common;C:\Program Files\NVIDIA Corporation\NVIDIA NvDLISR;C:\Program Files\Git\cmd;E:\wamp64\bin\php\php7.3.12;C:\ProgramData\ComposerSetup\bin;C:\Users\Administrator\AppData\Roaming\nvm;C:\Program Files\nodejs;C:\Program Files\Redis\;C:\Program Files (x86)\NetSarang\Xftp 7\;C:\Users\Administrator\.windows-build-tools\python27\;C:\Users\Administrator\AppData\Local\Microsoft\WindowsApps;C:\Program Files\Java\jdk1.8.0_201\bin;E:\apache-maven-3.6.0\bin;C:\Users\Administrator\AppData\Local\Programs\Microsoft VS Code\bin;C:\Users\Administrator\AppData\Roaming\Composer\vendor\bin;C:\Users\Administrator\AppData\Roaming\nvm;C:\Program Files\nodejs;C:\Users\Administrator\AppData\Roaming\nvm;C:\Windows\system32;C:\Python27\;

Yarn version: 
  1.22.10

Node version: 
  15.6.0

Platform: 
  win32 x64

Trace: 
  Error: EPERM: operation not permitted, unlink 'L:\work2020\test\github\vite-vue3-template\node_modules\esbuild-windows-64\esbuild.exe'

npm manifest: 
  {
    "version": "0.0.0",
    "scripts": {
      "dev": "vite",
      "build": "vue-tsc --noEmit && vite build",
      "serve": "vite preview"
    },
    "dependencies": {
      "mockjs": "^1.1.0",
      "vue": "^3.0.5"
    },
    "devDependencies": {
      "@types/node": "^16.11.9",
      "@vitejs/plugin-vue": "^1.2.3",
      "@vue/compiler-sfc": "^3.0.5",
      "autoprefixer": "^10.4.0",
      "sass": "^1.43.4",
      "typescript": "^4.3.2",
      "vite": "^2.3.8",
      "vite-plugin-mock": "^2.9.6",
      "vue-tsc": "^0.0.24",
      "@typescript-eslint/eslint-plugin": "^4.15.2",
      "@typescript-eslint/parser": "^4.15.2",
      "@vue/eslint-config-prettier": "^6.0.0",
      "@vue/eslint-config-typescript": "^7.0.0",
      "@vuedx/typescript-plugin-vue": "^0.6.3",
      "eslint": "^7.20.0",
      "eslint-plugin-prettier": "^3.3.1",
      "eslint-plugin-vue": "^7.6.0",
      "prettier": "^2.2.1"
    }
  }

yarn manifest: 
  No manifest

Lockfile: 
  # THIS IS AN AUTOGENERATED FILE. DO NOT EDIT THIS FILE DIRECTLY.
  # yarn lockfile v1
  
  
  "@babel/parser@^7.15.0":
    "integrity" "sha512-6V0qdPUaiVHH3RtZeLIsc+6pDhbYzHR8ogA8w+f+Wc77DuXto19g2QUwveINoS34Uw+W8/hQDGJCx+i4n7xcng=="
    "resolved" "https://registry.npmmirror.com/@babel/parser/download/@babel/parser-7.16.4.tgz?cache=0&sync_timestamp=1637102910055&other_urls=https%3A%2F%2Fregistry.npmmirror.com%2F%40babel%2Fparser%2Fdownload%2F%40babel%2Fparser-7.16.4.tgz"
    "version" "7.16.4"
  
  "@nodelib/fs.scandir@2.1.5":
    "integrity" "sha1-dhnC6yGyVIP20WdUi0z9WnSIw9U="
    "resolved" "https://registry.nlark.com/@nodelib/fs.scandir/download/@nodelib/fs.scandir-2.1.5.tgz"
    "version" "2.1.5"
    dependencies:
      "@nodelib/fs.stat" "2.0.5"
      "run-parallel" "^1.1.9"
  
  "@nodelib/fs.stat@^2.0.2", "@nodelib/fs.stat@2.0.5":
    "integrity" "sha1-W9Jir5Tp0lvR5xsF3u1Eh2oiLos="
    "resolved" "https://registry.nlark.com/@nodelib/fs.stat/download/@nodelib/fs.stat-2.0.5.tgz?cache=0&sync_timestamp=1622792655362&other_urls=https%3A%2F%2Fregistry.nlark.com%2F%40nodelib%2Ffs.stat%2Fdownload%2F%40nodelib%2Ffs.stat-2.0.5.tgz"
    "version" "2.0.5"
  
  "@nodelib/fs.walk@^1.2.3":
    "integrity" "sha1-6Vc36LtnRt3t9pxVaVNJTxlv5po="
    "resolved" "https://registry.nlark.com/@nodelib/fs.walk/download/@nodelib/fs.walk-1.2.8.tgz?cache=0&sync_timestamp=1625769815389&other_urls=https%3A%2F%2Fregistry.nlark.com%2F%40nodelib%2Ffs.walk%2Fdownload%2F%40nodelib%2Ffs.walk-1.2.8.tgz"
    "version" "1.2.8"
    dependencies:
      "@nodelib/fs.scandir" "2.1.5"
      "fastq" "^1.6.0"
  
  "@rollup/plugin-node-resolve@^13.0.4":
    "integrity" "sha1-KWKQcLt2dWe+gVf1dc+o8rjp73c="
    "resolved" "https://registry.npmmirror.com/@rollup/plugin-node-resolve/download/@rollup/plugin-node-resolve-13.0.6.tgz?cache=0&sync_timestamp=1634651334784&other_urls=https%3A%2F%2Fregistry.npmmirror.com%2F%40rollup%2Fplugin-node-resolve%2Fdownload%2F%40rollup%2Fplugin-node-resolve-13.0.6.tgz"
    "version" "13.0.6"
    dependencies:
      "@rollup/pluginutils" "^3.1.0"
      "@types/resolve" "1.17.1"
      "builtin-modules" "^3.1.0"
      "deepmerge" "^4.2.2"
      "is-module" "^1.0.0"
      "resolve" "^1.19.0"
  
  "@rollup/pluginutils@^3.1.0":
    "integrity" "sha1-cGtFJO5tyLEDs8mVUz5a1oDAK5s="
    "resolved" "https://registry.nlark.com/@rollup/pluginutils/download/@rollup/pluginutils-3.1.0.tgz?cache=0&sync_timestamp=1626393703548&other_urls=https%3A%2F%2Fregistry.nlark.com%2F%40rollup%2Fpluginutils%2Fdownload%2F%40rollup%2Fpluginutils-3.1.0.tgz"
    "version" "3.1.0"
    dependencies:
      "@types/estree" "0.0.39"
      "estree-walker" "^1.0.1"
      "picomatch" "^2.2.2"
  
  "@types/estree@0.0.39":
    "integrity" "sha1-4Xfmme4bjCLSMXTKqnQiZEOJUJ8="
    "resolved" "https://registry.npmmirror.com/@types/estree/download/@types/estree-0.0.39.tgz?cache=0&sync_timestamp=1637264753186&other_urls=https%3A%2F%2Fregistry.npmmirror.com%2F%40types%2Festree%2Fdownload%2F%40types%2Festree-0.0.39.tgz"
    "version" "0.0.39"
  
  "@types/mockjs@^1.0.4":
    "integrity" "sha1-5waVHV4ztPCku3Ox+LEk4m8IHeA="
    "resolved" "https://registry.npmmirror.com/@types/mockjs/download/@types/mockjs-1.0.4.tgz"
    "version" "1.0.4"
  
  "@types/node@*", "@types/node@^16.11.9":
    "integrity" "sha512-MKmdASMf3LtPzwLyRrFjtFFZ48cMf8jmX5VRYrDQiJa8Ybu5VAmkqBWqKU8fdCwD8ysw4mQ9nrEHvzg6gunR7A=="
    "resolved" "https://registry.npmmirror.com/@types/node/download/@types/node-16.11.9.tgz?cache=0&sync_timestamp=1637310817584&other_urls=https%3A%2F%2Fregistry.npmmirror.com%2F%40types%2Fnode%2Fdownload%2F%40types%2Fnode-16.11.9.tgz"
    "version" "16.11.9"
  
  "@types/resolve@1.17.1":
    "integrity" "sha1-Ov1q2JZ8d+Q3bFmKgt3Vj0bsRdY="
    "resolved" "https://registry.npmmirror.com/@types/resolve/download/@types/resolve-1.17.1.tgz"
    "version" "1.17.1"
    dependencies:
      "@types/node" "*"
  
  "@vitejs/plugin-vue@^1.2.3":
    "integrity" "sha1-T0hIVDLLuYap+50lTcM84w3cy/o="
    "resolved" "https://registry.npmmirror.com/@vitejs/plugin-vue/download/@vitejs/plugin-vue-1.9.4.tgz?cache=0&sync_timestamp=1637350139071&other_urls=https%3A%2F%2Fregistry.npmmirror.com%2F%40vitejs%2Fplugin-vue%2Fdownload%2F%40vitejs%2Fplugin-vue-1.9.4.tgz"
    "version" "1.9.4"
  
  "@vue/compiler-core@3.2.22":
    "integrity" "sha512-uAkovrVeTcjzpiM4ECmVaMrv/bjdgAaLzvjcGqQPBEyUrcqsCgccT9fHJ/+hWVGhyMahmBwLqcn4guULNx7sdw=="
    "resolved" "https://registry.npmmirror.com/@vue/compiler-core/download/@vue/compiler-core-3.2.22.tgz?cache=0&sync_timestamp=1636947979576&other_urls=https%3A%2F%2Fregistry.npmmirror.com%2F%40vue%2Fcompiler-core%2Fdownload%2F%40vue%2Fcompiler-core-3.2.22.tgz"
    "version" "3.2.22"
    dependencies:
      "@babel/parser" "^7.15.0"
      "@vue/shared" "3.2.22"
      "estree-walker" "^2.0.2"
      "source-map" "^0.6.1"
  
  "@vue/compiler-dom@3.2.22":
    "integrity" "sha512-VZdsw/VuO1ODs8K7NQwnMQzKITDkIFlYYC03SVnunuf6eNRxBPEonSyqbWNoo6qNaHAEBTG6VVcZC5xC9bAx1g=="
    "resolved" "https://registry.npmmirror.com/@vue/compiler-dom/download/@vue/compiler-dom-3.2.22.tgz?cache=0&sync_timestamp=1636947979404&other_urls=https%3A%2F%2Fregistry.npmmirror.com%2F%40vue%2Fcompiler-dom%2Fdownload%2F%40vue%2Fcompiler-dom-3.2.22.tgz"
    "version" "3.2.22"
    dependencies:
      "@vue/compiler-core" "3.2.22"
      "@vue/shared" "3.2.22"
  
  "@vue/compiler-sfc@^3.0.5", "@vue/compiler-sfc@3.2.22":
    "integrity" "sha512-tWRQ5ge1tsTDhUwHgueicKJ8rYm6WUVAPTaIpFW3GSwZKcOEJ2rXdfkHFShNVGupeRALz2ET2H84OL0GeRxY0A=="
    "resolved" "https://registry.npmmirror.com/@vue/compiler-sfc/download/@vue/compiler-sfc-3.2.22.tgz?cache=0&sync_timestamp=1636947951950&other_urls=https%3A%2F%2Fregistry.npmmirror.com%2F%40vue%2Fcompiler-sfc%2Fdownload%2F%40vue%2Fcompiler-sfc-3.2.22.tgz"
    "version" "3.2.22"
    dependencies:
      "@babel/parser" "^7.15.0"
      "@vue/compiler-core" "3.2.22"
      "@vue/compiler-dom" "3.2.22"
      "@vue/compiler-ssr" "3.2.22"
      "@vue/ref-transform" "3.2.22"
      "@vue/shared" "3.2.22"
      "estree-walker" "^2.0.2"
      "magic-string" "^0.25.7"
      "postcss" "^8.1.10"
      "source-map" "^0.6.1"
  
  "@vue/compiler-ssr@3.2.22":
    "integrity" "sha512-Cl6aoLJtXzzBkk1sKod8S0WBJLts3+ugVC91d22gGpbkw/64WnF12tOZi7Rg54PPLi1NovqyNWPsLH/SAFcu+w=="
    "resolved" "https://registry.npmmirror.com/@vue/compiler-ssr/download/@vue/compiler-ssr-3.2.22.tgz?cache=0&sync_timestamp=1636947980072&other_urls=https%3A%2F%2Fregistry.npmmirror.com%2F%40vue%2Fcompiler-ssr%2Fdownload%2F%40vue%2Fcompiler-ssr-3.2.22.tgz"
    "version" "3.2.22"
    dependencies:
      "@vue/compiler-dom" "3.2.22"
      "@vue/shared" "3.2.22"
  
  "@vue/reactivity@3.2.22":
    "integrity" "sha512-xNkLAItjI0xB+lFeDgKCrSItmrHTaAzSnt8LmdSCPQnDyarmzbi/u4ESQnckWvlL7lSRKiEaOvblaNyqAa7OnQ=="
    "resolved" "https://registry.npmmirror.com/@vue/reactivity/download/@vue/reactivity-3.2.22.tgz?cache=0&sync_timestamp=1636947968011&other_urls=https%3A%2F%2Fregistry.npmmirror.com%2F%40vue%2Freactivity%2Fdownload%2F%40vue%2Freactivity-3.2.22.tgz"
    "version" "3.2.22"
    dependencies:
      "@vue/shared" "3.2.22"
  
  "@vue/ref-transform@3.2.22":
    "integrity" "sha512-qalVWbq5xWWxLZ0L9OroBg/JZhzavQuCcDXblfErxyDEH6Xc5gIJ4feo1SVCICFzhAUgLgQTdSFLpgjBawbFpw=="
    "resolved" "https://registry.npmmirror.com/@vue/ref-transform/download/@vue/ref-transform-3.2.22.tgz?cache=0&sync_timestamp=1636947979715&other_urls=https%3A%2F%2Fregistry.npmmirror.com%2F%40vue%2Fref-transform%2Fdownload%2F%40vue%2Fref-transform-3.2.22.tgz"
    "version" "3.2.22"
    dependencies:
      "@babel/parser" "^7.15.0"
      "@vue/compiler-core" "3.2.22"
      "@vue/shared" "3.2.22"
      "estree-walker" "^2.0.2"
      "magic-string" "^0.25.7"
  
  "@vue/runtime-core@3.2.22":
    "integrity" "sha512-e7WOC55wmHPvmoVUk9VBe/Z9k5bJfWJfVIlkUkiADJn0bOgQD29oh/GS14Kb3aEJXIHLI17Em6+HxNut1sIh7Q=="
    "resolved" "https://registry.npmmirror.com/@vue/runtime-core/download/@vue/runtime-core-3.2.22.tgz?cache=0&sync_timestamp=1636947971870&other_urls=https%3A%2F%2Fregistry.npmmirror.com%2F%40vue%2Fruntime-core%2Fdownload%2F%40vue%2Fruntime-core-3.2.22.tgz"
    "version" "3.2.22"
    dependencies:
      "@vue/reactivity" "3.2.22"
      "@vue/shared" "3.2.22"
  
  "@vue/runtime-dom@3.2.22":
    "integrity" "sha512-w7VHYJoliLRTLc5beN77wxuOjla4v9wr2FF22xpZFYBmH4U1V7HkYhoHc1BTuNghI15CXT1tNIMhibI1nrQgdw=="
    "resolved" "https://registry.npmmirror.com/@vue/runtime-dom/download/@vue/runtime-dom-3.2.22.tgz?cache=0&sync_timestamp=1636948552671&other_urls=https%3A%2F%2Fregistry.npmmirror.com%2F%40vue%2Fruntime-dom%2Fdownload%2F%40vue%2Fruntime-dom-3.2.22.tgz"
    "version" "3.2.22"
    dependencies:
      "@vue/runtime-core" "3.2.22"
      "@vue/shared" "3.2.22"
      "csstype" "^2.6.8"
  
  "@vue/server-renderer@3.2.22":
    "integrity" "sha512-jCwbQgKPXiXoH9VS9F7K+gyEvEMrjutannwEZD1R8fQ9szmOTqC+RRbIY3Uf2ibQjZtZ8DV9a4FjxICvd9zZlQ=="
    "resolved" "https://registry.npmmirror.com/@vue/server-renderer/download/@vue/server-renderer-3.2.22.tgz"
    "version" "3.2.22"
    dependencies:
      "@vue/compiler-ssr" "3.2.22"
      "@vue/shared" "3.2.22"
  
  "@vue/shared@3.2.22":
    "integrity" "sha512-qWVav014mpjEtbWbEgl0q9pEyrrIySKum8UVYjwhC6njrKzknLZPvfuYdQyVbApsqr94tf/3dP4pCuZmmjdCWQ=="
    "resolved" "https://registry.npmmirror.com/@vue/shared/download/@vue/shared-3.2.22.tgz?cache=0&sync_timestamp=1636947980274&other_urls=https%3A%2F%2Fregistry.npmmirror.com%2F%40vue%2Fshared%2Fdownload%2F%40vue%2Fshared-3.2.22.tgz"
    "version" "3.2.22"
  
  "ansi-styles@^4.1.0":
    "integrity" "sha1-7dgDYornHATIWuegkG7a00tkiTc="
    "resolved" "https://registry.nlark.com/ansi-styles/download/ansi-styles-4.3.0.tgz"
    "version" "4.3.0"
    dependencies:
      "color-convert" "^2.0.1"
  
  "anymatch@~3.1.2":
    "integrity" "sha1-wFV8CWrzLxBhmPT04qODU343hxY="
    "resolved" "https://registry.nlark.com/anymatch/download/anymatch-3.1.2.tgz"
    "version" "3.1.2"
    dependencies:
      "normalize-path" "^3.0.0"
      "picomatch" "^2.0.4"
  
  "autoprefixer@^10.4.0":
    "integrity" "sha1-w1d+syoQeaRA7CU+QE6vHrITiMg="
    "resolved" "https://registry.npmmirror.com/autoprefixer/download/autoprefixer-10.4.0.tgz"
    "version" "10.4.0"
    dependencies:
      "browserslist" "^4.17.5"
      "caniuse-lite" "^1.0.30001272"
      "fraction.js" "^4.1.1"
      "normalize-range" "^0.1.2"
      "picocolors" "^1.0.0"
      "postcss-value-parser" "^4.1.0"
  
  "balanced-match@^1.0.0":
    "integrity" "sha1-6D46fj8wCzTLnYf2FfoMvzV2kO4="
    "resolved" "https://registry.npm.taobao.org/balanced-match/download/balanced-match-1.0.2.tgz"
    "version" "1.0.2"
  
  "big-integer@^1.6.17":
    "integrity" "sha512-GPEid2Y9QU1Exl1rpO9B2IPJGHPSupF5GnVIP0blYvNOMer2bTvSWs1jGOUg04hTmu67nmLsQ9TBo1puaotBHg=="
    "resolved" "https://registry.npmmirror.com/big-integer/download/big-integer-1.6.51.tgz?cache=0&sync_timestamp=1636573920951&other_urls=https%3A%2F%2Fregistry.npmmirror.com%2Fbig-integer%2Fdownload%2Fbig-integer-1.6.51.tgz"
    "version" "1.6.51"
  
  "binary-extensions@^2.0.0":
    "integrity" "sha1-dfUC7q+f/eQvyYgpZFvk6na9ni0="
    "resolved" "https://registry.nlark.com/binary-extensions/download/binary-extensions-2.2.0.tgz"
    "version" "2.2.0"
  
  "binary@~0.3.0":
    "integrity" "sha1-n2BVO8XOjDOG87VTz/R0Yq3sqnk="
    "resolved" "https://registry.npm.taobao.org/binary/download/binary-0.3.0.tgz"
    "version" "0.3.0"
    dependencies:
      "buffers" "~0.1.1"
      "chainsaw" "~0.1.0"
  
  "bluebird@~3.4.1":
    "integrity" "sha1-9y12C+Cbf3bQjtj66Ysomo0F+rM="
    "resolved" "https://registry.npm.taobao.org/bluebird/download/bluebird-3.4.7.tgz?cache=0&other_urls=https%3A%2F%2Fregistry.npm.taobao.org%2Fbluebird%2Fdownload%2Fbluebird-3.4.7.tgz"
    "version" "3.4.7"
  
  "brace-expansion@^1.1.7":
    "integrity" "sha1-PH/L9SnYcibz0vUrlm/1Jx60Qd0="
    "resolved" "https://registry.nlark.com/brace-expansion/download/brace-expansion-1.1.11.tgz"
    "version" "1.1.11"
    dependencies:
      "balanced-match" "^1.0.0"
      "concat-map" "0.0.1"
  
  "braces@^3.0.1", "braces@~3.0.2":
    "integrity" "sha1-NFThpGLujVmeI23zNs2epPiv4Qc="
    "resolved" "https://registry.npm.taobao.org/braces/download/braces-3.0.2.tgz"
    "version" "3.0.2"
    dependencies:
      "fill-range" "^7.0.1"
  
  "browserslist@^4.17.5":
    "integrity" "sha512-8ScCzdpPwR2wQh8IT82CA2VgDwjHyqMovPBZSNH54+tm4Jk2pCuv90gmAdH6J84OCRWi0b4gMe6O6XPXuJnjgQ=="
    "resolved" "https://registry.npmmirror.com/browserslist/download/browserslist-4.18.1.tgz"
    "version" "4.18.1"
    dependencies:
      "caniuse-lite" "^1.0.30001280"
      "electron-to-chromium" "^1.3.896"
      "escalade" "^3.1.1"
      "node-releases" "^2.0.1"
      "picocolors" "^1.0.0"
  
  "buffer-indexof-polyfill@~1.0.0":
    "integrity" "sha1-0nMhNcWZnGSyd/z5savjSYJUcpw="
    "resolved" "https://registry.nlark.com/buffer-indexof-polyfill/download/buffer-indexof-polyfill-1.0.2.tgz"
    "version" "1.0.2"
  
  "buffers@~0.1.1":
    "integrity" "sha1-skV5w77U1tOWru5tmorn9Ugqt7s="
    "resolved" "https://registry.nlark.com/buffers/download/buffers-0.1.1.tgz"
    "version" "0.1.1"
  
  "builtin-modules@^3.1.0":
    "integrity" "sha1-RdXbmefuXmvE82LgCL+RerUEmIc="
    "resolved" "https://registry.npm.taobao.org/builtin-modules/download/builtin-modules-3.2.0.tgz"
    "version" "3.2.0"
  
  "caniuse-lite@^1.0.30001272", "caniuse-lite@^1.0.30001280":
    "integrity" "sha512-YhF/hG6nqBEllymSIjLtR2iWDDnChvhnVJqp+vloyt2tEHFG1yBR+ac2B/rOw0qOK0m0lEXU2dv4E/sMk5P9Kg=="
    "resolved" "https://registry.npmmirror.com/caniuse-lite/download/caniuse-lite-1.0.30001282.tgz?cache=0&sync_timestamp=1637135323561&other_urls=https%3A%2F%2Fregistry.npmmirror.com%2Fcaniuse-lite%2Fdownload%2Fcaniuse-lite-1.0.30001282.tgz"
    "version" "1.0.30001282"
  
  "chainsaw@~0.1.0":
    "integrity" "sha1-XqtQsor+WAdNDVgpE4iCi15fvJg="
    "resolved" "https://registry.nlark.com/chainsaw/download/chainsaw-0.1.0.tgz"
    "version" "0.1.0"
    dependencies:
      "traverse" ">=0.3.0 <0.4"
  
  "chalk@^4.1.2":
    "integrity" "sha1-qsTit3NKdAhnrrFr8CqtVWoeegE="
    "resolved" "https://registry.nlark.com/chalk/download/chalk-4.1.2.tgz?cache=0&sync_timestamp=1627646697260&other_urls=https%3A%2F%2Fregistry.nlark.com%2Fchalk%2Fdownload%2Fchalk-4.1.2.tgz"
    "version" "4.1.2"
    dependencies:
      "ansi-styles" "^4.1.0"
      "supports-color" "^7.1.0"
  
  "chokidar@^3.5.2", "chokidar@>=3.0.0 <4.0.0":
    "integrity" "sha1-26OXb8rbAW9m/TZQIdkWANAcHnU="
    "resolved" "https://registry.npmmirror.com/chokidar/download/chokidar-3.5.2.tgz"
    "version" "3.5.2"
    dependencies:
      "anymatch" "~3.1.2"
      "braces" "~3.0.2"
      "fsevents" "~2.3.2"
      "glob-parent" "~5.1.2"
      "is-binary-path" "~2.1.0"
      "is-glob" "~4.0.1"
      "normalize-path" "~3.0.0"
      "readdirp" "~3.6.0"
    optionalDependencies:
      "fsevents" "~2.3.2"
  
  "color-convert@^2.0.1":
    "integrity" "sha1-ctOmjVmMm9s68q0ehPIdiWq9TeM="
    "resolved" "https://registry.npm.taobao.org/color-convert/download/color-convert-2.0.1.tgz"
    "version" "2.0.1"
    dependencies:
      "color-name" "~1.1.4"
  
  "color-name@~1.1.4":
    "integrity" "sha1-wqCah6y95pVD3m9j+jmVyCbFNqI="
    "resolved" "https://registry.npm.taobao.org/color-name/download/color-name-1.1.4.tgz"
    "version" "1.1.4"
  
  "commander@*":
    "integrity" "sha1-SDfqGy2me5xhamevuw+v7lZ7ymY="
    "resolved" "https://registry.npmmirror.com/commander/download/commander-8.3.0.tgz?cache=0&sync_timestamp=1634886396986&other_urls=https%3A%2F%2Fregistry.npmmirror.com%2Fcommander%2Fdownload%2Fcommander-8.3.0.tgz"
    "version" "8.3.0"
  
  "concat-map@0.0.1":
    "integrity" "sha1-2Klr13/Wjfd5OnMDajug1UBdR3s="
    "resolved" "https://registry.nlark.com/concat-map/download/concat-map-0.0.1.tgz"
    "version" "0.0.1"
  
  "connect@^3.7.0":
    "integrity" "sha1-XUk0iRDKpeB6AYALAw0MNfIEhPg="
    "resolved" "https://registry.nlark.com/connect/download/connect-3.7.0.tgz?cache=0&sync_timestamp=1618847040246&other_urls=https%3A%2F%2Fregistry.nlark.com%2Fconnect%2Fdownload%2Fconnect-3.7.0.tgz"
    "version" "3.7.0"
    dependencies:
      "debug" "2.6.9"
      "finalhandler" "1.1.2"
      "parseurl" "~1.3.3"
      "utils-merge" "1.0.1"
  
  "core-util-is@~1.0.0":
    "integrity" "sha1-pgQtNjTCsn6TKPg3uWX6yDgI24U="
    "resolved" "https://registry.nlark.com/core-util-is/download/core-util-is-1.0.3.tgz"
    "version" "1.0.3"
  
  "csstype@^2.6.8":
    "integrity" "sha512-ZVxXaNy28/k3kJg0Fou5MiYpp88j7H9hLZp8PDC3jV0WFjfH5E9xHb56L0W59cPbKbcHXeP4qyT8PrHp8t6LcQ=="
    "resolved" "https://registry.npmmirror.com/csstype/download/csstype-2.6.19.tgz"
    "version" "2.6.19"
  
  "debug@^4.3.2":
    "integrity" "sha1-8KScGKyHeeMdSgxgKd+3aHPHQos="
    "resolved" "https://registry.npmmirror.com/debug/download/debug-4.3.2.tgz?cache=0&sync_timestamp=1636300872595&other_urls=https%3A%2F%2Fregistry.npmmirror.com%2Fdebug%2Fdownload%2Fdebug-4.3.2.tgz"
    "version" "4.3.2"
    dependencies:
      "ms" "2.1.2"
  
  "debug@2.6.9":
    "integrity" "sha1-XRKFFd8TT/Mn6QpMk/Tgd6U2NB8="
    "resolved" "https://registry.npmmirror.com/debug/download/debug-2.6.9.tgz?cache=0&sync_timestamp=1636300872595&other_urls=https%3A%2F%2Fregistry.npmmirror.com%2Fdebug%2Fdownload%2Fdebug-2.6.9.tgz"
    "version" "2.6.9"
    dependencies:
      "ms" "2.0.0"
  
  "deepmerge@^4.2.2":
    "integrity" "sha1-RNLqNnm49NT/ujPwPYZfwee/SVU="
    "resolved" "https://registry.npm.taobao.org/deepmerge/download/deepmerge-4.2.2.tgz"
    "version" "4.2.2"
  
  "duplexer2@~0.1.4":
    "integrity" "sha1-ixLauHjA1p4+eJEFFmKjL8a93ME="
    "resolved" "https://registry.nlark.com/duplexer2/download/duplexer2-0.1.4.tgz"
    "version" "0.1.4"
    dependencies:
      "readable-stream" "^2.0.2"
  
  "ee-first@1.1.1":
    "integrity" "sha1-WQxhFWsK4vTwJVcyoViyZrxWsh0="
    "resolved" "https://registry.nlark.com/ee-first/download/ee-first-1.1.1.tgz"
    "version" "1.1.1"
  
  "electron-to-chromium@^1.3.896":
    "integrity" "sha512-x5uZWXcVNYkTh4JubD7KSC1VMKz0vZwJUqVwY3ihsW0bst1BXDe494Uqbg3Y0fDGVjJqA8vEeGuvO5foyH2+qw=="
    "resolved" "https://registry.npmmirror.com/electron-to-chromium/download/electron-to-chromium-1.3.904.tgz?cache=0&sync_timestamp=1637391807108&other_urls=https%3A%2F%2Fregistry.npmmirror.com%2Felectron-to-chromium%2Fdownload%2Felectron-to-chromium-1.3.904.tgz"
    "version" "1.3.904"
  
  "encodeurl@~1.0.2":
    "integrity" "sha1-rT/0yG7C0CkyL1oCw6mmBslbP1k="
    "resolved" "https://registry.nlark.com/encodeurl/download/encodeurl-1.0.2.tgz"
    "version" "1.0.2"
  
  "esbuild-windows-64@0.13.15":
    "integrity" "sha512-9aMsPRGDWCd3bGjUIKG/ZOJPKsiztlxl/Q3C1XDswO6eNX/Jtwu4M+jb6YDH9hRSUflQWX0XKAfWzgy5Wk54JQ=="
    "resolved" "https://registry.npmmirror.com/esbuild-windows-64/download/esbuild-windows-64-0.13.15.tgz?cache=0&sync_timestamp=1637462927131&other_urls=https%3A%2F%2Fregistry.npmmirror.com%2Fesbuild-windows-64%2Fdownload%2Fesbuild-windows-64-0.13.15.tgz"
    "version" "0.13.15"
  
  "esbuild@^0.13.2":
    "integrity" "sha512-raCxt02HBKv8RJxE8vkTSCXGIyKHdEdGfUmiYb8wnabnaEmHzyW7DCHb5tEN0xU8ryqg5xw54mcwnYkC4x3AIw=="
    "resolved" "https://registry.npmmirror.com/esbuild/download/esbuild-0.13.15.tgz"
    "version" "0.13.15"
    dependencies:
      "esbuild-android-arm64" "0.13.15"
      "esbuild-darwin-64" "0.13.15"
      "esbuild-darwin-arm64" "0.13.15"
      "esbuild-freebsd-64" "0.13.15"
      "esbuild-freebsd-arm64" "0.13.15"
      "esbuild-linux-32" "0.13.15"
      "esbuild-linux-64" "0.13.15"
      "esbuild-linux-arm" "0.13.15"
      "esbuild-linux-arm64" "0.13.15"
      "esbuild-linux-mips64le" "0.13.15"
      "esbuild-linux-ppc64le" "0.13.15"
      "esbuild-netbsd-64" "0.13.15"
      "esbuild-openbsd-64" "0.13.15"
      "esbuild-sunos-64" "0.13.15"
      "esbuild-windows-32" "0.13.15"
      "esbuild-windows-64" "0.13.15"
      "esbuild-windows-arm64" "0.13.15"
    optionalDependencies:
      "esbuild-android-arm64" "0.13.15"
      "esbuild-darwin-64" "0.13.15"
      "esbuild-darwin-arm64" "0.13.15"
      "esbuild-freebsd-64" "0.13.15"
      "esbuild-freebsd-arm64" "0.13.15"
      "esbuild-linux-32" "0.13.15"
      "esbuild-linux-64" "0.13.15"
      "esbuild-linux-arm" "0.13.15"
      "esbuild-linux-arm64" "0.13.15"
      "esbuild-linux-mips64le" "0.13.15"
      "esbuild-linux-ppc64le" "0.13.15"
      "esbuild-netbsd-64" "0.13.15"
      "esbuild-openbsd-64" "0.13.15"
      "esbuild-sunos-64" "0.13.15"
      "esbuild-windows-32" "0.13.15"
      "esbuild-windows-64" "0.13.15"
      "esbuild-windows-arm64" "0.13.15"
  
  "esbuild@0.11.3":
    "integrity" "sha1-tXFluQe+T/umUfZFBTjOjYwdXrA="
    "resolved" "https://registry.npmmirror.com/esbuild/download/esbuild-0.11.3.tgz"
    "version" "0.11.3"
  
  "escalade@^3.1.1":
    "integrity" "sha1-2M/ccACWXFoBdLSoLqpcBVJ0LkA="
    "resolved" "https://registry.nlark.com/escalade/download/escalade-3.1.1.tgz"
    "version" "3.1.1"
  
  "escape-html@~1.0.3":
    "integrity" "sha1-Aljq5NPQwJdN4cFpGI7wBR0dGYg="
    "resolved" "https://registry.npm.taobao.org/escape-html/download/escape-html-1.0.3.tgz"
    "version" "1.0.3"
  
  "estree-walker@^1.0.1":
    "integrity" "sha1-MbxdYSyWtwQQa0d+bdXYqhOMtwA="
    "resolved" "https://registry.npm.taobao.org/estree-walker/download/estree-walker-1.0.1.tgz?cache=0&sync_timestamp=1611956983677&other_urls=https%3A%2F%2Fregistry.npm.taobao.org%2Festree-walker%2Fdownload%2Festree-walker-1.0.1.tgz"
    "version" "1.0.1"
  
  "estree-walker@^2.0.2":
    "integrity" "sha1-UvAQF4wqTBF6d1fP6UKtt9LaTKw="
    "resolved" "https://registry.npm.taobao.org/estree-walker/download/estree-walker-2.0.2.tgz?cache=0&sync_timestamp=1611956983677&other_urls=https%3A%2F%2Fregistry.npm.taobao.org%2Festree-walker%2Fdownload%2Festree-walker-2.0.2.tgz"
    "version" "2.0.2"
  
  "fast-glob@^3.2.7":
    "integrity" "sha1-/Wy3otfpqnp4RhEehaGW1rL3ZqE="
    "resolved" "https://registry.nlark.com/fast-glob/download/fast-glob-3.2.7.tgz"
    "version" "3.2.7"
    dependencies:
      "@nodelib/fs.stat" "^2.0.2"
      "@nodelib/fs.walk" "^1.2.3"
      "glob-parent" "^5.1.2"
      "merge2" "^1.3.0"
      "micromatch" "^4.0.4"
  
  "fastq@^1.6.0":
    "integrity" "sha1-YWdg+Ip1Jr38WWt8q4wYk4w2uYw="
    "resolved" "https://registry.nlark.com/fastq/download/fastq-1.13.0.tgz"
    "version" "1.13.0"
    dependencies:
      "reusify" "^1.0.4"
  
  "fill-range@^7.0.1":
    "integrity" "sha1-GRmmp8df44ssfHflGYU12prN2kA="
    "resolved" "https://registry.nlark.com/fill-range/download/fill-range-7.0.1.tgz"
    "version" "7.0.1"
    dependencies:
      "to-regex-range" "^5.0.1"
  
  "finalhandler@1.1.2":
    "integrity" "sha1-t+fQAP/RGTjQ/bBTUG9uur6fWH0="
    "resolved" "https://registry.nlark.com/finalhandler/download/finalhandler-1.1.2.tgz"
    "version" "1.1.2"
    dependencies:
      "debug" "2.6.9"
      "encodeurl" "~1.0.2"
      "escape-html" "~1.0.3"
      "on-finished" "~2.3.0"
      "parseurl" "~1.3.3"
      "statuses" "~1.5.0"
      "unpipe" "~1.0.0"
  
  "fraction.js@^4.1.1":
    "integrity" "sha512-o2RiJQ6DZaR/5+Si0qJUIy637QMRudSi9kU/FFzx9EZazrIdnBgpU+3sEWCxAVhH2RtxW2Oz+T4p2o8uOPVcgA=="
    "resolved" "https://registry.npmmirror.com/fraction.js/download/fraction.js-4.1.2.tgz"
    "version" "4.1.2"
  
  "fs.realpath@^1.0.0":
    "integrity" "sha1-FQStJSMVjKpA20onh8sBQRmU6k8="
    "resolved" "https://registry.nlark.com/fs.realpath/download/fs.realpath-1.0.0.tgz"
    "version" "1.0.0"
  
  "fsevents@~2.3.2":
    "integrity" "sha1-ilJveLj99GI7cJ4Ll1xSwkwC/Ro="
    "resolved" "https://registry.npmmirror.com/fsevents/download/fsevents-2.3.2.tgz"
    "version" "2.3.2"
  
  "fstream@^1.0.12":
    "integrity" "sha1-Touo7i1Ivk99DeUFRVVI6uWTIEU="
    "resolved" "https://registry.npm.taobao.org/fstream/download/fstream-1.0.12.tgz"
    "version" "1.0.12"
    dependencies:
      "graceful-fs" "^4.1.2"
      "inherits" "~2.0.0"
      "mkdirp" ">=0.5 0"
      "rimraf" "2"
  
  "function-bind@^1.1.1":
    "integrity" "sha1-pWiZ0+o8m6uHS7l3O3xe3pL0iV0="
    "resolved" "https://registry.npm.taobao.org/function-bind/download/function-bind-1.1.1.tgz"
    "version" "1.1.1"
  
  "glob-parent@^5.1.2", "glob-parent@~5.1.2":
    "integrity" "sha1-hpgyxYA0/mikCTwX3BXoNA2EAcQ="
    "resolved" "https://registry.npmmirror.com/glob-parent/download/glob-parent-5.1.2.tgz?cache=0&sync_timestamp=1632953697891&other_urls=https%3A%2F%2Fregistry.npmmirror.com%2Fglob-parent%2Fdownload%2Fglob-parent-5.1.2.tgz"
    "version" "5.1.2"
    dependencies:
      "is-glob" "^4.0.1"
  
  "glob@^7.1.3":
    "integrity" "sha1-0VU1r3cy4C6Uj0xBYovZECk/YCM="
    "resolved" "https://registry.npmmirror.com/glob/download/glob-7.2.0.tgz"
    "version" "7.2.0"
    dependencies:
      "fs.realpath" "^1.0.0"
      "inflight" "^1.0.4"
      "inherits" "2"
      "minimatch" "^3.0.4"
      "once" "^1.3.0"
      "path-is-absolute" "^1.0.0"
  
  "graceful-fs@^4.1.2", "graceful-fs@^4.2.2":
    "integrity" "sha1-5BK40z9eAGWTy9PO5t+fLOu+gCo="
    "resolved" "https://registry.npmmirror.com/graceful-fs/download/graceful-fs-4.2.8.tgz"
    "version" "4.2.8"
  
  "has-flag@^4.0.0":
    "integrity" "sha1-lEdx/ZyByBJlxNaUGGDaBrtZR5s="
    "resolved" "https://registry.nlark.com/has-flag/download/has-flag-4.0.0.tgz"
    "version" "4.0.0"
  
  "has@^1.0.3":
    "integrity" "sha1-ci18v8H2qoJB8W3YFOAR4fQeh5Y="
    "resolved" "https://registry.nlark.com/has/download/has-1.0.3.tgz"
    "version" "1.0.3"
    dependencies:
      "function-bind" "^1.1.1"
  
  "inflight@^1.0.4":
    "integrity" "sha1-Sb1jMdfQLQwJvJEKEHW6gWW1bfk="
    "resolved" "https://registry.nlark.com/inflight/download/inflight-1.0.6.tgz"
    "version" "1.0.6"
    dependencies:
      "once" "^1.3.0"
      "wrappy" "1"
  
  "inherits@~2.0.0", "inherits@~2.0.3", "inherits@2":
    "integrity" "sha1-D6LGT5MpF8NDOg3tVTY6rjdBa3w="
    "resolved" "https://registry.nlark.com/inherits/download/inherits-2.0.4.tgz"
    "version" "2.0.4"
  
  "is-binary-path@~2.1.0":
    "integrity" "sha1-6h9/O4DwZCNug0cPhsCcJU+0Wwk="
    "resolved" "https://registry.nlark.com/is-binary-path/download/is-binary-path-2.1.0.tgz"
    "version" "2.1.0"
    dependencies:
      "binary-extensions" "^2.0.0"
  
  "is-core-module@^2.2.0":
    "integrity" "sha1-AyEzbD0JJeSX/Zf12VyxFKXM1Ug="
    "resolved" "https://registry.npmmirror.com/is-core-module/download/is-core-module-2.8.0.tgz?cache=0&other_urls=https%3A%2F%2Fregistry.npmmirror.com%2Fis-core-module%2Fdownload%2Fis-core-module-2.8.0.tgz"
    "version" "2.8.0"
    dependencies:
      "has" "^1.0.3"
  
  "is-extglob@^2.1.1":
    "integrity" "sha1-qIwCU1eR8C7TfHahueqXc8gz+MI="
    "resolved" "https://registry.npm.taobao.org/is-extglob/download/is-extglob-2.1.1.tgz"
    "version" "2.1.1"
  
  "is-glob@^4.0.1", "is-glob@~4.0.1":
    "integrity" "sha1-ZPYeQsu7LuwgcanawLKLoeZdUIQ="
    "resolved" "https://registry.npmmirror.com/is-glob/download/is-glob-4.0.3.tgz"
    "version" "4.0.3"
    dependencies:
      "is-extglob" "^2.1.1"
  
  "is-module@^1.0.0":
    "integrity" "sha1-Mlj7afeMFNW4FdZkM2tM/7ZEFZE="
    "resolved" "https://registry.npm.taobao.org/is-module/download/is-module-1.0.0.tgz"
    "version" "1.0.0"
  
  "is-number@^7.0.0":
    "integrity" "sha1-dTU0W4lnNNX4DE0GxQlVUnoU8Ss="
    "resolved" "https://registry.npm.taobao.org/is-number/download/is-number-7.0.0.tgz"
    "version" "7.0.0"
  
  "isarray@~1.0.0":
    "integrity" "sha1-u5NdSFgsuhaMBoNJV6VKPgcSTxE="
    "resolved" "https://registry.npm.taobao.org/isarray/download/isarray-1.0.0.tgz"
    "version" "1.0.0"
  
  "listenercount@~1.0.1":
    "integrity" "sha1-hMinKrWcRyUyFIDJdeZQg0LnCTc="
    "resolved" "https://registry.npm.taobao.org/listenercount/download/listenercount-1.0.1.tgz"
    "version" "1.0.1"
  
  "magic-string@^0.25.7":
    "integrity" "sha1-P0l9b9NMZpxnmNy4IfLvMfVEUFE="
    "resolved" "https://registry.nlark.com/magic-string/download/magic-string-0.25.7.tgz?cache=0&sync_timestamp=1618847046304&other_urls=https%3A%2F%2Fregistry.nlark.com%2Fmagic-string%2Fdownload%2Fmagic-string-0.25.7.tgz"
    "version" "0.25.7"
    dependencies:
      "sourcemap-codec" "^1.4.4"
  
  "merge2@^1.3.0":
    "integrity" "sha1-Q2iJL4hekHRVpv19xVwMnUBJkK4="
    "resolved" "https://registry.npm.taobao.org/merge2/download/merge2-1.4.1.tgz"
    "version" "1.4.1"
  
  "micromatch@^4.0.4":
    "integrity" "sha1-iW1Rnf6dsl/OlM63pQCRm/iB6/k="
    "resolved" "https://registry.npm.taobao.org/micromatch/download/micromatch-4.0.4.tgz?cache=0&sync_timestamp=1618054740956&other_urls=https%3A%2F%2Fregistry.npm.taobao.org%2Fmicromatch%2Fdownload%2Fmicromatch-4.0.4.tgz"
    "version" "4.0.4"
    dependencies:
      "braces" "^3.0.1"
      "picomatch" "^2.2.3"
  
  "minimatch@^3.0.4":
    "integrity" "sha1-UWbihkV/AzBgZL5Ul+jbsMPTIIM="
    "resolved" "https://registry.nlark.com/minimatch/download/minimatch-3.0.4.tgz?cache=0&sync_timestamp=1618846754554&other_urls=https%3A%2F%2Fregistry.nlark.com%2Fminimatch%2Fdownload%2Fminimatch-3.0.4.tgz"
    "version" "3.0.4"
    dependencies:
      "brace-expansion" "^1.1.7"
  
  "minimist@^1.2.5":
    "integrity" "sha1-Z9ZgFLZqaoqqDAg8X9WN9OTpdgI="
    "resolved" "https://registry.nlark.com/minimist/download/minimist-1.2.5.tgz"
    "version" "1.2.5"
  
  "mkdirp@>=0.5 0":
    "integrity" "sha1-2Rzv1i0UNsoPQWIOJRKI1CAJne8="
    "resolved" "https://registry.npmmirror.com/mkdirp/download/mkdirp-0.5.5.tgz"
    "version" "0.5.5"
    dependencies:
      "minimist" "^1.2.5"
  
  "mockjs@^1.1.0", "mockjs@>=1.1.0":
    "integrity" "sha1-5qDDeOkZBtuv8gkRzAJzs8fXWwY="
    "resolved" "https://registry.npm.taobao.org/mockjs/download/mockjs-1.1.0.tgz"
    "version" "1.1.0"
    dependencies:
      "commander" "*"
  
  "ms@2.0.0":
    "integrity" "sha1-VgiurfwAvmwpAd9fmGF4jeDVl8g="
    "resolved" "https://registry.npmmirror.com/ms/download/ms-2.0.0.tgz"
    "version" "2.0.0"
  
  "ms@2.1.2":
    "integrity" "sha1-0J0fNXtEP0kzgqjrPM0YOHKuYAk="
    "resolved" "https://registry.npmmirror.com/ms/download/ms-2.1.2.tgz"
    "version" "2.1.2"
  
  "nanoid@^3.1.30":
    "integrity" "sha1-Y/k8xUjSoRPcXfvGO/oJ4rm2Q2I="
    "resolved" "https://registry.npmmirror.com/nanoid/download/nanoid-3.1.30.tgz?cache=0&sync_timestamp=1634166192601&other_urls=https%3A%2F%2Fregistry.npmmirror.com%2Fnanoid%2Fdownload%2Fnanoid-3.1.30.tgz"
    "version" "3.1.30"
  
  "node-releases@^2.0.1":
    "integrity" "sha1-PR05XyBPHy8ppUNYuftnh2WtL8U="
    "resolved" "https://registry.npmmirror.com/node-releases/download/node-releases-2.0.1.tgz?cache=0&sync_timestamp=1634806960337&other_urls=https%3A%2F%2Fregistry.npmmirror.com%2Fnode-releases%2Fdownload%2Fnode-releases-2.0.1.tgz"
    "version" "2.0.1"
  
  "normalize-path@^3.0.0", "normalize-path@~3.0.0":
    "integrity" "sha1-Dc1p/yOhybEf0JeDFmRKA4ghamU="
    "resolved" "https://registry.npm.taobao.org/normalize-path/download/normalize-path-3.0.0.tgz"
    "version" "3.0.0"
  
  "normalize-range@^0.1.2":
    "integrity" "sha1-LRDAa9/TEuqXd2laTShDlFa3WUI="
    "resolved" "https://registry.npm.taobao.org/normalize-range/download/normalize-range-0.1.2.tgz"
    "version" "0.1.2"
  
  "on-finished@~2.3.0":
    "integrity" "sha1-IPEzZIGwg811M3mSoWlxqi2QaUc="
    "resolved" "https://registry.nlark.com/on-finished/download/on-finished-2.3.0.tgz"
    "version" "2.3.0"
    dependencies:
      "ee-first" "1.1.1"
  
  "once@^1.3.0":
    "integrity" "sha1-WDsap3WWHUsROsF9nFC6753Xa9E="
    "resolved" "https://registry.nlark.com/once/download/once-1.4.0.tgz"
    "version" "1.4.0"
    dependencies:
      "wrappy" "1"
  
  "parseurl@~1.3.3":
    "integrity" "sha1-naGee+6NEt/wUT7Vt2lXeTvC6NQ="
    "resolved" "https://registry.nlark.com/parseurl/download/parseurl-1.3.3.tgz"
    "version" "1.3.3"
  
  "path-is-absolute@^1.0.0":
    "integrity" "sha1-F0uSaHNVNP+8es5r9TpanhtcX18="
    "resolved" "https://registry.npm.taobao.org/path-is-absolute/download/path-is-absolute-1.0.1.tgz"
    "version" "1.0.1"
  
  "path-parse@^1.0.6":
    "integrity" "sha1-+8EUtgykKzDZ2vWFjkvWi77bZzU="
    "resolved" "https://registry.nlark.com/path-parse/download/path-parse-1.0.7.tgz"
    "version" "1.0.7"
  
  "path-to-regexp@^6.2.0":
    "integrity" "sha1-97OAMzYQTDRoia3s5hRmkjBkXzg="
    "resolved" "https://registry.npm.taobao.org/path-to-regexp/download/path-to-regexp-6.2.0.tgz"
    "version" "6.2.0"
  
  "picocolors@^1.0.0":
    "integrity" "sha1-y1vcdP8/UYkiNur3nWi8RFZKuBw="
    "resolved" "https://registry.npmmirror.com/picocolors/download/picocolors-1.0.0.tgz?cache=0&sync_timestamp=1634093442271&other_urls=https%3A%2F%2Fregistry.npmmirror.com%2Fpicocolors%2Fdownload%2Fpicocolors-1.0.0.tgz"
    "version" "1.0.0"
  
  "picomatch@^2.0.4", "picomatch@^2.2.1", "picomatch@^2.2.2", "picomatch@^2.2.3":
    "integrity" "sha1-8fBh3o9qS/AiiS4tEoI0+5gwKXI="
    "resolved" "https://registry.nlark.com/picomatch/download/picomatch-2.3.0.tgz"
    "version" "2.3.0"
  
  "postcss-value-parser@^4.1.0":
    "integrity" "sha1-RD9qIM7WSBor2k+oUypuVdeJoss="
    "resolved" "https://registry.nlark.com/postcss-value-parser/download/postcss-value-parser-4.1.0.tgz?cache=0&other_urls=https%3A%2F%2Fregistry.nlark.com%2Fpostcss-value-parser%2Fdownload%2Fpostcss-value-parser-4.1.0.tgz"
    "version" "4.1.0"
  
  "postcss@^8.1.0", "postcss@^8.1.10", "postcss@^8.3.8":
    "integrity" "sha1-w77KfqgRzV4cSj7G0udZnvH4+Fg="
    "resolved" "https://registry.npmmirror.com/postcss/download/postcss-8.3.11.tgz"
    "version" "8.3.11"
    dependencies:
      "nanoid" "^3.1.30"
      "picocolors" "^1.0.0"
      "source-map-js" "^0.6.2"
  
  "process-nextick-args@~2.0.0":
    "integrity" "sha1-eCDZsWEgzFXKmud5JoCufbptf+I="
    "resolved" "https://registry.npm.taobao.org/process-nextick-args/download/process-nextick-args-2.0.1.tgz"
    "version" "2.0.1"
  
  "queue-microtask@^1.2.2":
    "integrity" "sha1-SSkii7xyTfrEPg77BYyve2z7YkM="
    "resolved" "https://registry.nlark.com/queue-microtask/download/queue-microtask-1.2.3.tgz"
    "version" "1.2.3"
  
  "readable-stream@^2.0.2", "readable-stream@~2.3.6":
    "integrity" "sha1-Hsoc9xGu+BTAT2IlKjamL2yyO1c="
    "resolved" "https://registry.npm.taobao.org/readable-stream/download/readable-stream-2.3.7.tgz"
    "version" "2.3.7"
    dependencies:
      "core-util-is" "~1.0.0"
      "inherits" "~2.0.3"
      "isarray" "~1.0.0"
      "process-nextick-args" "~2.0.0"
      "safe-buffer" "~5.1.1"
      "string_decoder" "~1.1.1"
      "util-deprecate" "~1.0.1"
  
  "readdirp@~3.6.0":
    "integrity" "sha1-dKNwvYVxFuJFspzJc0DNQxoCpsc="
    "resolved" "https://registry.nlark.com/readdirp/download/readdirp-3.6.0.tgz"
    "version" "3.6.0"
    dependencies:
      "picomatch" "^2.2.1"
  
  "resolve@^1.19.0", "resolve@^1.20.0":
    "integrity" "sha1-YpoBP7P3B1XW8LeTXMHCxTeLGXU="
    "resolved" "https://registry.npm.taobao.org/resolve/download/resolve-1.20.0.tgz"
    "version" "1.20.0"
    dependencies:
      "is-core-module" "^2.2.0"
      "path-parse" "^1.0.6"
  
  "reusify@^1.0.4":
    "integrity" "sha1-kNo4Kx4SbvwCFG6QhFqI2xKSXXY="
    "resolved" "https://registry.nlark.com/reusify/download/reusify-1.0.4.tgz"
    "version" "1.0.4"
  
  "rimraf@2":
    "integrity" "sha1-NXl/E6f9rcVmFCwp1PB8ytSD4+w="
    "resolved" "https://registry.npm.taobao.org/rimraf/download/rimraf-2.7.1.tgz"
    "version" "2.7.1"
    dependencies:
      "glob" "^7.1.3"
  
  "rollup@^1.20.0||^2.0.0", "rollup@^2.42.0", "rollup@^2.57.0":
    "integrity" "sha512-cHdv9GWd58v58rdseC8e8XIaPUo8a9cgZpnCMMDGZFDZKEODOiPPEQFXLriWr/TjXzhPPmG5bkAztPsOARIcGQ=="
    "resolved" "https://registry.npmmirror.com/rollup/download/rollup-2.60.0.tgz?cache=0&sync_timestamp=1636694241707&other_urls=https%3A%2F%2Fregistry.npmmirror.com%2Frollup%2Fdownload%2Frollup-2.60.0.tgz"
    "version" "2.60.0"
    dependencies:
      "fsevents" "~2.3.2"
    optionalDependencies:
      "fsevents" "~2.3.2"
  
  "run-parallel@^1.1.9":
    "integrity" "sha1-ZtE2jae9+SHrnZW9GpIp5/IaQ+4="
    "resolved" "https://registry.npm.taobao.org/run-parallel/download/run-parallel-1.2.0.tgz?cache=0&sync_timestamp=1612925943325&other_urls=https%3A%2F%2Fregistry.npm.taobao.org%2Frun-parallel%2Fdownload%2Frun-parallel-1.2.0.tgz"
    "version" "1.2.0"
    dependencies:
      "queue-microtask" "^1.2.2"
  
  "safe-buffer@~5.1.0", "safe-buffer@~5.1.1":
    "integrity" "sha1-mR7GnSluAxN0fVm9/St0XDX4go0="
    "resolved" "https://registry.nlark.com/safe-buffer/download/safe-buffer-5.1.2.tgz"
    "version" "5.1.2"
  
  "sass@*", "sass@^1.43.4":
    "integrity" "sha1-aMfWobAEvvSa8NnK91DpslIQXR8="
    "resolved" "https://registry.npmmirror.com/sass/download/sass-1.43.4.tgz?cache=0&sync_timestamp=1635300346226&other_urls=https%3A%2F%2Fregistry.npmmirror.com%2Fsass%2Fdownload%2Fsass-1.43.4.tgz"
    "version" "1.43.4"
    dependencies:
      "chokidar" ">=3.0.0 <4.0.0"
  
  "setimmediate@~1.0.4":
    "integrity" "sha1-KQy7Iy4waULX1+qbg3Mqt4VvgoU="
    "resolved" "https://registry.npm.taobao.org/setimmediate/download/setimmediate-1.0.5.tgz"
    "version" "1.0.5"
  
  "source-map-js@^0.6.2":
    "integrity" "sha1-C7XeYxtBz72mz7qL0FqA79/SOF4="
    "resolved" "https://registry.npmmirror.com/source-map-js/download/source-map-js-0.6.2.tgz?cache=0&sync_timestamp=1636400772640&other_urls=https%3A%2F%2Fregistry.npmmirror.com%2Fsource-map-js%2Fdownload%2Fsource-map-js-0.6.2.tgz"
    "version" "0.6.2"
  
  "source-map@^0.6.1":
    "integrity" "sha1-dHIq8y6WFOnCh6jQu95IteLxomM="
    "resolved" "https://registry.nlark.com/source-map/download/source-map-0.6.1.tgz"
    "version" "0.6.1"
  
  "sourcemap-codec@^1.4.4":
    "integrity" "sha1-6oBL2UhXQC5pktBaOO8a41qatMQ="
    "resolved" "https://registry.nlark.com/sourcemap-codec/download/sourcemap-codec-1.4.8.tgz"
    "version" "1.4.8"
  
  "statuses@~1.5.0":
    "integrity" "sha1-Fhx9rBd2Wf2YEfQ3cfqZOBR4Yow="
    "resolved" "https://registry.npm.taobao.org/statuses/download/statuses-1.5.0.tgz"
    "version" "1.5.0"
  
  "string_decoder@~1.1.1":
    "integrity" "sha1-nPFhG6YmhdcDCunkujQUnDrwP8g="
    "resolved" "https://registry.nlark.com/string_decoder/download/string_decoder-1.1.1.tgz"
    "version" "1.1.1"
    dependencies:
      "safe-buffer" "~5.1.0"
  
  "supports-color@^7.1.0":
    "integrity" "sha1-G33NyzK4E4gBs+R4umpRyqiWSNo="
    "resolved" "https://registry.npmmirror.com/supports-color/download/supports-color-7.2.0.tgz?cache=0&sync_timestamp=1637259109971&other_urls=https%3A%2F%2Fregistry.npmmirror.com%2Fsupports-color%2Fdownload%2Fsupports-color-7.2.0.tgz"
    "version" "7.2.0"
    dependencies:
      "has-flag" "^4.0.0"
  
  "to-regex-range@^5.0.1":
    "integrity" "sha1-FkjESq58jZiKMmAY7XL1tN0DkuQ="
    "resolved" "https://registry.nlark.com/to-regex-range/download/to-regex-range-5.0.1.tgz"
    "version" "5.0.1"
    dependencies:
      "is-number" "^7.0.0"
  
  "traverse@>=0.3.0 <0.4":
    "integrity" "sha1-cXuPIgzAu3tE5AUUwisui7xw2Lk="
    "resolved" "https://registry.nlark.com/traverse/download/traverse-0.3.9.tgz"
    "version" "0.3.9"
  
  "typescript@^4.3.2":
    "integrity" "sha512-5BlMof9H1yGt0P8/WF+wPNw6GfctgGjXp5hkblpyT+8rkASSmkUKMXrxR0Xg8ThVCi/JnHQiKXeBaEwCeQwMFw=="
    "resolved" "https://registry.npmmirror.com/typescript/download/typescript-4.5.2.tgz?cache=0&sync_timestamp=1637478967252&other_urls=https%3A%2F%2Fregistry.npmmirror.com%2Ftypescript%2Fdownload%2Ftypescript-4.5.2.tgz"
    "version" "4.5.2"
  
  "unpipe@~1.0.0":
    "integrity" "sha1-sr9O6FFKrmFltIF4KdIbLvSZBOw="
    "resolved" "https://registry.nlark.com/unpipe/download/unpipe-1.0.0.tgz"
    "version" "1.0.0"
  
  "unzipper@0.10.11":
    "integrity" "sha1-C0mRRGRyy9uS7nQDkJ8mwkGceC4="
    "resolved" "https://registry.npm.taobao.org/unzipper/download/unzipper-0.10.11.tgz"
    "version" "0.10.11"
    dependencies:
      "big-integer" "^1.6.17"
      "binary" "~0.3.0"
      "bluebird" "~3.4.1"
      "buffer-indexof-polyfill" "~1.0.0"
      "duplexer2" "~0.1.4"
      "fstream" "^1.0.12"
      "graceful-fs" "^4.2.2"
      "listenercount" "~1.0.1"
      "readable-stream" "~2.3.6"
      "setimmediate" "~1.0.4"
  
  "util-deprecate@~1.0.1":
    "integrity" "sha1-RQ1Nyfpw3nMnYvvS1KKJgUGaDM8="
    "resolved" "https://registry.nlark.com/util-deprecate/download/util-deprecate-1.0.2.tgz"
    "version" "1.0.2"
  
  "utils-merge@1.0.1":
    "integrity" "sha1-n5VxD1CiZ5R7LMwSR0HBAoQn5xM="
    "resolved" "https://registry.nlark.com/utils-merge/download/utils-merge-1.0.1.tgz"
    "version" "1.0.1"
  
  "vite-plugin-mock@^2.9.6":
    "integrity" "sha1-BN0j3muqBS+qW5rTF1FMkNYgXiU="
    "resolved" "https://registry.nlark.com/vite-plugin-mock/download/vite-plugin-mock-2.9.6.tgz"
    "version" "2.9.6"
    dependencies:
      "@rollup/plugin-node-resolve" "^13.0.4"
      "@types/mockjs" "^1.0.4"
      "chalk" "^4.1.2"
      "chokidar" "^3.5.2"
      "connect" "^3.7.0"
      "debug" "^4.3.2"
      "esbuild" "0.11.3"
      "fast-glob" "^3.2.7"
      "path-to-regexp" "^6.2.0"
  
  "vite@^2.3.8", "vite@^2.5.10", "vite@>=2.0.0":
    "integrity" "sha512-2HA9xGyi+EhY2MXo0+A2dRsqsAG3eFNEVIo12olkWhOmc8LfiM+eMdrXf+Ruje9gdXgvSqjLI9freec1RUM5EA=="
    "resolved" "https://registry.npmmirror.com/vite/download/vite-2.6.14.tgz"
    "version" "2.6.14"
    dependencies:
      "esbuild" "^0.13.2"
      "fsevents" "~2.3.2"
      "postcss" "^8.3.8"
      "resolve" "^1.20.0"
      "rollup" "^2.57.0"
    optionalDependencies:
      "fsevents" "~2.3.2"
  
  "vue-tsc@^0.0.24":
    "integrity" "sha1-DNkNtnn1PqFpQlS4Zj/bPWJKCHI="
    "resolved" "https://registry.npmmirror.com/vue-tsc/download/vue-tsc-0.0.24.tgz"
    "version" "0.0.24"
    dependencies:
      "unzipper" "0.10.11"
  
  "vue@^3.0.5", "vue@3.2.22":
    "integrity" "sha512-KD5nZpXVZquOC6926Xnp3zOvswrUyO9Rya7ZUoxWFQEjFDW4iACtwzubRB4Um2Om9kj6CaJOqAVRDSFlqLpdgw=="
    "resolved" "https://registry.npmmirror.com/vue/download/vue-3.2.22.tgz"
    "version" "3.2.22"
    dependencies:
      "@vue/compiler-dom" "3.2.22"
      "@vue/compiler-sfc" "3.2.22"
      "@vue/runtime-dom" "3.2.22"
      "@vue/server-renderer" "3.2.22"
      "@vue/shared" "3.2.22"
  
  "wrappy@1":
    "integrity" "sha1-tSQ9jz7BqjXxNkYFvA0QNuMKtp8="
    "resolved" "https://registry.nlark.com/wrappy/download/wrappy-1.0.2.tgz?cache=0&sync_timestamp=1619133505879&other_urls=https%3A%2F%2Fregistry.nlark.com%2Fwrappy%2Fdownload%2Fwrappy-1.0.2.tgz"
    "version" "1.0.2"
